2025-01-03T04:48:18.446+07:00  INFO 12816 --- [doctorcare] [main] c.d.d.DoctorCareApplicationTests         : Starting DoctorCareApplicationTests using Java 17.0.12 with PID 12816 (started by nguye in D:\DATN\doctor-care)
2025-01-03T04:48:18.454+07:00  INFO 12816 --- [doctorcare] [main] c.d.d.DoctorCareApplicationTests         : The following 1 profile is active: "local"
2025-01-03T04:48:20.502+07:00  INFO 12816 --- [doctorcare] [main] .s.d.r.c.RepositoryConfigurationDelegate : Bootstrapping Spring Data JPA repositories in DEFAULT mode.
2025-01-03T04:48:20.747+07:00  INFO 12816 --- [doctorcare] [main] .s.d.r.c.RepositoryConfigurationDelegate : Finished Spring Data repository scanning in 233 ms. Found 10 JPA repository interfaces.
2025-01-03T04:48:21.952+07:00  INFO 12816 --- [doctorcare] [main] o.hibernate.jpa.internal.util.LogHelper  : HHH000204: Processing PersistenceUnitInfo [name: default]
2025-01-03T04:48:22.080+07:00  INFO 12816 --- [doctorcare] [main] org.hibernate.Version                    : HHH000412: Hibernate ORM core version 6.5.3.Final
2025-01-03T04:48:22.138+07:00  INFO 12816 --- [doctorcare] [main] o.h.c.internal.RegionFactoryInitiator    : HHH000026: Second-level cache disabled
2025-01-03T04:48:22.731+07:00  INFO 12816 --- [doctorcare] [main] o.s.o.j.p.SpringPersistenceUnitInfo      : No LoadTimeWeaver setup: ignoring JPA class transformer
2025-01-03T04:48:22.791+07:00  INFO 12816 --- [doctorcare] [main] com.zaxxer.hikari.HikariDataSource       : HikariPool-1 - Starting...
2025-01-03T04:48:23.228+07:00  INFO 12816 --- [doctorcare] [main] com.zaxxer.hikari.pool.HikariPool        : HikariPool-1 - Added connection com.mysql.cj.jdbc.ConnectionImpl@42536da6
2025-01-03T04:48:23.232+07:00  INFO 12816 --- [doctorcare] [main] com.zaxxer.hikari.HikariDataSource       : HikariPool-1 - Start completed.
2025-01-03T04:48:23.304+07:00  WARN 12816 --- [doctorcare] [main] org.hibernate.orm.deprecation            : HHH90000025: MySQLDialect does not need to be specified explicitly using 'hibernate.dialect' (remove the property setting and it will be selected by default)
2025-01-03T04:48:25.697+07:00  INFO 12816 --- [doctorcare] [main] o.h.e.t.j.p.i.JtaPlatformInitiator       : HHH000489: No JTA platform available (set 'hibernate.transaction.jta.platform' to enable JTA platform integration)
2025-01-03T04:48:26.024+07:00  INFO 12816 --- [doctorcare] [main] j.LocalContainerEntityManagerFactoryBean : Initialized JPA EntityManagerFactory for persistence unit 'default'
2025-01-03T04:48:27.574+07:00  INFO 12816 --- [doctorcare] [main] o.s.d.j.r.query.QueryEnhancerFactory     : Hibernate is in classpath; If applicable, HQL parser will be used.
2025-01-03T04:48:28.553+07:00  WARN 12816 --- [doctorcare] [main] JpaBaseConfiguration$JpaWebConfiguration : spring.jpa.open-in-view is enabled by default. Therefore, database queries may be performed during view rendering. Explicitly configure spring.jpa.open-in-view to disable this warning
2025-01-03T04:48:28.890+07:00  WARN 12816 --- [doctorcare] [main] s.w.s.m.m.a.RequestMappingHandlerMapping : Multiple @RequestMapping annotations found on public com.dut.doctorcare.dto.response.ApiResponse com.dut.doctorcare.controller.DoctorController.saveOrUpdate(com.dut.doctorcare.dto.request.DoctorRequest), but only the first will be used: [@org.springframework.web.bind.annotation.RequestMapping(consumes={}, headers={}, method={}, name="", params={}, path={"/profile"}, produces={}, value={"/profile"}), @org.springframework.web.bind.annotation.PostMapping(consumes={}, headers={}, name="", params={}, path={}, produces={}, value={})]
2025-01-03T04:48:28.915+07:00  WARN 12816 --- [doctorcare] [main] s.w.s.m.m.a.RequestMappingHandlerMapping : Multiple @RequestMapping annotations found on public com.dut.doctorcare.dto.response.ApiResponse com.dut.doctorcare.controller.UserController.registerDoctor(com.dut.doctorcare.dto.request.CreateDoctorRequest), but only the first will be used: [@org.springframework.web.bind.annotation.RequestMapping(consumes={}, headers={}, method={}, name="", params={}, path={"/register/doctor"}, produces={}, value={"/register/doctor"}), @org.springframework.web.bind.annotation.PostMapping(consumes={}, headers={}, name="", params={}, path={}, produces={}, value={})]
2025-01-03T04:48:28.917+07:00  WARN 12816 --- [doctorcare] [main] s.w.s.m.m.a.RequestMappingHandlerMapping : Multiple @RequestMapping annotations found on public com.dut.doctorcare.dto.response.ApiResponse com.dut.doctorcare.controller.UserController.registerPatient(com.dut.doctorcare.dto.request.UserRegistrationDto), but only the first will be used: [@org.springframework.web.bind.annotation.RequestMapping(consumes={}, headers={}, method={}, name="", params={}, path={"/register"}, produces={}, value={"/register"}), @org.springframework.web.bind.annotation.PostMapping(consumes={}, headers={}, name="", params={}, path={}, produces={}, value={})]
2025-01-03T04:48:29.534+07:00  INFO 12816 --- [doctorcare] [main] o.s.b.a.e.web.EndpointLinksResolver      : Exposing 1 endpoint beneath base path '/actuator'
2025-01-03T04:48:30.994+07:00  INFO 12816 --- [doctorcare] [main] c.d.d.DoctorCareApplicationTests         : Started DoctorCareApplicationTests in 12.948 seconds (process running for 14.115)
2025-01-03T04:48:32.048+07:00  INFO 12816 --- [doctorcare] [SpringApplicationShutdownHook] j.LocalContainerEntityManagerFactoryBean : Closing JPA EntityManagerFactory for persistence unit 'default'
2025-01-03T04:48:32.053+07:00  INFO 12816 --- [doctorcare] [SpringApplicationShutdownHook] com.zaxxer.hikari.HikariDataSource       : HikariPool-1 - Shutdown initiated...
2025-01-03T04:48:32.072+07:00  INFO 12816 --- [doctorcare] [SpringApplicationShutdownHook] com.zaxxer.hikari.HikariDataSource       : HikariPool-1 - Shutdown completed.
2025-01-03T19:35:49.185+07:00  INFO 17884 --- [doctorcare] [main] c.d.d.DoctorCareApplicationTests         : Starting DoctorCareApplicationTests using Java 17.0.12 with PID 17884 (started by nguye in D:\DATN\doctor-care)
2025-01-03T19:35:49.188+07:00  INFO 17884 --- [doctorcare] [main] c.d.d.DoctorCareApplicationTests         : The following 1 profile is active: "local"
2025-01-03T19:35:51.791+07:00  INFO 17884 --- [doctorcare] [main] .s.d.r.c.RepositoryConfigurationDelegate : Bootstrapping Spring Data JPA repositories in DEFAULT mode.
2025-01-03T19:35:52.055+07:00  INFO 17884 --- [doctorcare] [main] .s.d.r.c.RepositoryConfigurationDelegate : Finished Spring Data repository scanning in 250 ms. Found 10 JPA repository interfaces.
2025-01-03T19:35:54.708+07:00  INFO 17884 --- [doctorcare] [main] o.hibernate.jpa.internal.util.LogHelper  : HHH000204: Processing PersistenceUnitInfo [name: default]
2025-01-03T19:35:54.849+07:00  INFO 17884 --- [doctorcare] [main] org.hibernate.Version                    : HHH000412: Hibernate ORM core version 6.5.3.Final
2025-01-03T19:35:54.925+07:00  INFO 17884 --- [doctorcare] [main] o.h.c.internal.RegionFactoryInitiator    : HHH000026: Second-level cache disabled
2025-01-03T19:35:55.586+07:00  INFO 17884 --- [doctorcare] [main] o.s.o.j.p.SpringPersistenceUnitInfo      : No LoadTimeWeaver setup: ignoring JPA class transformer
2025-01-03T19:35:55.647+07:00  INFO 17884 --- [doctorcare] [main] com.zaxxer.hikari.HikariDataSource       : HikariPool-1 - Starting...
2025-01-03T19:35:56.414+07:00  INFO 17884 --- [doctorcare] [main] com.zaxxer.hikari.pool.HikariPool        : HikariPool-1 - Added connection com.mysql.cj.jdbc.ConnectionImpl@301770d9
2025-01-03T19:35:56.418+07:00  INFO 17884 --- [doctorcare] [main] com.zaxxer.hikari.HikariDataSource       : HikariPool-1 - Start completed.
2025-01-03T19:35:56.519+07:00  WARN 17884 --- [doctorcare] [main] org.hibernate.orm.deprecation            : HHH90000025: MySQLDialect does not need to be specified explicitly using 'hibernate.dialect' (remove the property setting and it will be selected by default)
2025-01-03T19:35:59.153+07:00  INFO 17884 --- [doctorcare] [main] o.h.e.t.j.p.i.JtaPlatformInitiator       : HHH000489: No JTA platform available (set 'hibernate.transaction.jta.platform' to enable JTA platform integration)
2025-01-03T19:35:59.478+07:00  INFO 17884 --- [doctorcare] [main] j.LocalContainerEntityManagerFactoryBean : Initialized JPA EntityManagerFactory for persistence unit 'default'
2025-01-03T19:36:01.286+07:00  INFO 17884 --- [doctorcare] [main] o.s.d.j.r.query.QueryEnhancerFactory     : Hibernate is in classpath; If applicable, HQL parser will be used.
2025-01-03T19:36:02.473+07:00  WARN 17884 --- [doctorcare] [main] JpaBaseConfiguration$JpaWebConfiguration : spring.jpa.open-in-view is enabled by default. Therefore, database queries may be performed during view rendering. Explicitly configure spring.jpa.open-in-view to disable this warning
2025-01-03T19:36:02.819+07:00  WARN 17884 --- [doctorcare] [main] s.w.s.m.m.a.RequestMappingHandlerMapping : Multiple @RequestMapping annotations found on public com.dut.doctorcare.dto.response.ApiResponse com.dut.doctorcare.controller.DoctorController.saveOrUpdate(com.dut.doctorcare.dto.request.DoctorRequest), but only the first will be used: [@org.springframework.web.bind.annotation.RequestMapping(consumes={}, headers={}, method={}, name="", params={}, path={"/profile"}, produces={}, value={"/profile"}), @org.springframework.web.bind.annotation.PostMapping(consumes={}, headers={}, name="", params={}, path={}, produces={}, value={})]
2025-01-03T19:36:02.845+07:00  WARN 17884 --- [doctorcare] [main] s.w.s.m.m.a.RequestMappingHandlerMapping : Multiple @RequestMapping annotations found on public com.dut.doctorcare.dto.response.ApiResponse com.dut.doctorcare.controller.UserController.registerPatient(com.dut.doctorcare.dto.request.UserRegistrationDto), but only the first will be used: [@org.springframework.web.bind.annotation.RequestMapping(consumes={}, headers={}, method={}, name="", params={}, path={"/register"}, produces={}, value={"/register"}), @org.springframework.web.bind.annotation.PostMapping(consumes={}, headers={}, name="", params={}, path={}, produces={}, value={})]
2025-01-03T19:36:02.846+07:00  WARN 17884 --- [doctorcare] [main] s.w.s.m.m.a.RequestMappingHandlerMapping : Multiple @RequestMapping annotations found on public com.dut.doctorcare.dto.response.ApiResponse com.dut.doctorcare.controller.UserController.registerDoctor(com.dut.doctorcare.dto.request.CreateDoctorRequest), but only the first will be used: [@org.springframework.web.bind.annotation.RequestMapping(consumes={}, headers={}, method={}, name="", params={}, path={"/register/doctor"}, produces={}, value={"/register/doctor"}), @org.springframework.web.bind.annotation.PostMapping(consumes={}, headers={}, name="", params={}, path={}, produces={}, value={})]
2025-01-03T19:36:03.467+07:00  INFO 17884 --- [doctorcare] [main] o.s.b.a.e.web.EndpointLinksResolver      : Exposing 1 endpoint beneath base path '/actuator'
2025-01-03T19:36:05.023+07:00  INFO 17884 --- [doctorcare] [main] c.d.d.DoctorCareApplicationTests         : Started DoctorCareApplicationTests in 16.497 seconds (process running for 18.542)
2025-01-03T19:36:06.360+07:00  INFO 17884 --- [doctorcare] [SpringApplicationShutdownHook] j.LocalContainerEntityManagerFactoryBean : Closing JPA EntityManagerFactory for persistence unit 'default'
2025-01-03T19:36:06.366+07:00  INFO 17884 --- [doctorcare] [SpringApplicationShutdownHook] com.zaxxer.hikari.HikariDataSource       : HikariPool-1 - Shutdown initiated...
2025-01-03T19:36:06.393+07:00  INFO 17884 --- [doctorcare] [SpringApplicationShutdownHook] com.zaxxer.hikari.HikariDataSource       : HikariPool-1 - Shutdown completed.
