2025-01-08T04:30:08.638+07:00  INFO 26092 --- [NGUYENVIETBUU] [main] c.d.d.DoctorCareApplicationTests         : Starting DoctorCareApplicationTests using Java 17.0.12 with PID 26092 (started by nguye in D:\DATN\doctor-care)
2025-01-08T04:30:08.647+07:00  INFO 26092 --- [NGUYENVIETBUU] [main] c.d.d.DoctorCareApplicationTests         : The following 1 profile is active: "local"
2025-01-08T04:30:11.389+07:00  INFO 26092 --- [NGUYENVIETBUU] [main] .s.d.r.c.RepositoryConfigurationDelegate : Bootstrapping Spring Data JPA repositories in DEFAULT mode.
2025-01-08T04:30:11.622+07:00  INFO 26092 --- [NGUYENVIETBUU] [main] .s.d.r.c.RepositoryConfigurationDelegate : Finished Spring Data repository scanning in 219 ms. Found 10 JPA repository interfaces.
2025-01-08T04:30:12.894+07:00  INFO 26092 --- [NGUYENVIETBUU] [main] o.hibernate.jpa.internal.util.LogHelper  : HHH000204: Processing PersistenceUnitInfo [name: default]
2025-01-08T04:30:13.036+07:00  INFO 26092 --- [NGUYENVIETBUU] [main] org.hibernate.Version                    : HHH000412: Hibernate ORM core version 6.5.3.Final
2025-01-08T04:30:13.124+07:00  INFO 26092 --- [NGUYENVIETBUU] [main] o.h.c.internal.RegionFactoryInitiator    : HHH000026: Second-level cache disabled
2025-01-08T04:30:13.833+07:00  INFO 26092 --- [NGUYENVIETBUU] [main] o.s.o.j.p.SpringPersistenceUnitInfo      : No LoadTimeWeaver setup: ignoring JPA class transformer
2025-01-08T04:30:13.899+07:00  INFO 26092 --- [NGUYENVIETBUU] [main] com.zaxxer.hikari.HikariDataSource       : HikariPool-1 - Starting...
2025-01-08T04:30:14.477+07:00  INFO 26092 --- [NGUYENVIETBUU] [main] com.zaxxer.hikari.pool.HikariPool        : HikariPool-1 - Added connection com.mysql.cj.jdbc.ConnectionImpl@6978a32a
2025-01-08T04:30:14.478+07:00  INFO 26092 --- [NGUYENVIETBUU] [main] com.zaxxer.hikari.HikariDataSource       : HikariPool-1 - Start completed.
2025-01-08T04:30:14.591+07:00  WARN 26092 --- [NGUYENVIETBUU] [main] org.hibernate.orm.deprecation            : HHH90000025: MySQLDialect does not need to be specified explicitly using 'hibernate.dialect' (remove the property setting and it will be selected by default)
2025-01-08T04:30:16.841+07:00  INFO 26092 --- [NGUYENVIETBUU] [main] o.h.e.t.j.p.i.JtaPlatformInitiator       : HHH000489: No JTA platform available (set 'hibernate.transaction.jta.platform' to enable JTA platform integration)
2025-01-08T04:30:17.313+07:00  INFO 26092 --- [NGUYENVIETBUU] [main] j.LocalContainerEntityManagerFactoryBean : Initialized JPA EntityManagerFactory for persistence unit 'default'
2025-01-08T04:30:18.730+07:00  INFO 26092 --- [NGUYENVIETBUU] [main] o.s.d.j.r.query.QueryEnhancerFactory     : Hibernate is in classpath; If applicable, HQL parser will be used.
2025-01-08T04:30:21.149+07:00  WARN 26092 --- [NGUYENVIETBUU] [main] JpaBaseConfiguration$JpaWebConfiguration : spring.jpa.open-in-view is enabled by default. Therefore, database queries may be performed during view rendering. Explicitly configure spring.jpa.open-in-view to disable this warning
2025-01-08T04:30:22.056+07:00  WARN 26092 --- [NGUYENVIETBUU] [main] s.w.s.m.m.a.RequestMappingHandlerMapping : Multiple @RequestMapping annotations found on public com.dut.doctorcare.dto.response.ApiResponse com.dut.doctorcare.controller.DoctorController.saveOrUpdate(com.dut.doctorcare.dto.request.DoctorRequest), but only the first will be used: [@org.springframework.web.bind.annotation.RequestMapping(consumes={}, headers={}, method={}, name="", params={}, path={"/profile"}, produces={}, value={"/profile"}), @org.springframework.web.bind.annotation.PostMapping(consumes={}, headers={}, name="", params={}, path={}, produces={}, value={})]
2025-01-08T04:30:22.188+07:00  WARN 26092 --- [NGUYENVIETBUU] [main] s.w.s.m.m.a.RequestMappingHandlerMapping : Multiple @RequestMapping annotations found on public com.dut.doctorcare.dto.response.ApiResponse com.dut.doctorcare.controller.UserController.registerPatient(com.dut.doctorcare.dto.request.UserRegistrationDto), but only the first will be used: [@org.springframework.web.bind.annotation.RequestMapping(consumes={}, headers={}, method={}, name="", params={}, path={"/register"}, produces={}, value={"/register"}), @org.springframework.web.bind.annotation.PostMapping(consumes={}, headers={}, name="", params={}, path={}, produces={}, value={})]
2025-01-08T04:30:22.202+07:00  WARN 26092 --- [NGUYENVIETBUU] [main] s.w.s.m.m.a.RequestMappingHandlerMapping : Multiple @RequestMapping annotations found on public com.dut.doctorcare.dto.response.ApiResponse com.dut.doctorcare.controller.UserController.registerDoctor(com.dut.doctorcare.dto.request.CreateDoctorRequest), but only the first will be used: [@org.springframework.web.bind.annotation.RequestMapping(consumes={}, headers={}, method={}, name="", params={}, path={"/register/doctor"}, produces={}, value={"/register/doctor"}), @org.springframework.web.bind.annotation.PostMapping(consumes={}, headers={}, name="", params={}, path={}, produces={}, value={})]
2025-01-08T04:30:23.470+07:00  INFO 26092 --- [NGUYENVIETBUU] [main] o.s.b.a.e.web.EndpointLinksResolver      : Exposing 1 endpoint beneath base path '/actuator'
2025-01-08T04:30:26.648+07:00  INFO 26092 --- [NGUYENVIETBUU] [main] c.d.d.DoctorCareApplicationTests         : Started DoctorCareApplicationTests in 18.92 seconds (process running for 21.691)
2025-01-08T04:30:28.799+07:00  INFO 26092 --- [NGUYENVIETBUU] [SpringApplicationShutdownHook] j.LocalContainerEntityManagerFactoryBean : Closing JPA EntityManagerFactory for persistence unit 'default'
2025-01-08T04:30:28.814+07:00  INFO 26092 --- [NGUYENVIETBUU] [SpringApplicationShutdownHook] com.zaxxer.hikari.HikariDataSource       : HikariPool-1 - Shutdown initiated...
2025-01-08T04:30:28.854+07:00  INFO 26092 --- [NGUYENVIETBUU] [SpringApplicationShutdownHook] com.zaxxer.hikari.HikariDataSource       : HikariPool-1 - Shutdown completed.
2025-01-08T05:02:34.333+07:00  INFO 27872 --- [NGUYENVIETBUU] [main] c.d.d.DoctorCareApplicationTests         : Starting DoctorCareApplicationTests using Java 17.0.12 with PID 27872 (started by nguye in D:\DATN\doctor-care)
2025-01-08T05:02:34.333+07:00  INFO 27872 --- [NGUYENVIETBUU] [main] c.d.d.DoctorCareApplicationTests         : The following 1 profile is active: "local"
2025-01-08T05:02:36.479+07:00  INFO 27872 --- [NGUYENVIETBUU] [main] .s.d.r.c.RepositoryConfigurationDelegate : Bootstrapping Spring Data JPA repositories in DEFAULT mode.
2025-01-08T05:02:36.744+07:00  INFO 27872 --- [NGUYENVIETBUU] [main] .s.d.r.c.RepositoryConfigurationDelegate : Finished Spring Data repository scanning in 249 ms. Found 10 JPA repository interfaces.
2025-01-08T05:02:37.938+07:00  INFO 27872 --- [NGUYENVIETBUU] [main] o.hibernate.jpa.internal.util.LogHelper  : HHH000204: Processing PersistenceUnitInfo [name: default]
2025-01-08T05:02:38.049+07:00  INFO 27872 --- [NGUYENVIETBUU] [main] org.hibernate.Version                    : HHH000412: Hibernate ORM core version 6.5.3.Final
2025-01-08T05:02:38.113+07:00  INFO 27872 --- [NGUYENVIETBUU] [main] o.h.c.internal.RegionFactoryInitiator    : HHH000026: Second-level cache disabled
2025-01-08T05:02:38.673+07:00  INFO 27872 --- [NGUYENVIETBUU] [main] o.s.o.j.p.SpringPersistenceUnitInfo      : No LoadTimeWeaver setup: ignoring JPA class transformer
2025-01-08T05:02:38.751+07:00  INFO 27872 --- [NGUYENVIETBUU] [main] com.zaxxer.hikari.HikariDataSource       : HikariPool-1 - Starting...
2025-01-08T05:02:39.513+07:00  INFO 27872 --- [NGUYENVIETBUU] [main] com.zaxxer.hikari.pool.HikariPool        : HikariPool-1 - Added connection com.mysql.cj.jdbc.ConnectionImpl@691eb389
2025-01-08T05:02:39.514+07:00  INFO 27872 --- [NGUYENVIETBUU] [main] com.zaxxer.hikari.HikariDataSource       : HikariPool-1 - Start completed.
2025-01-08T05:02:39.616+07:00  WARN 27872 --- [NGUYENVIETBUU] [main] org.hibernate.orm.deprecation            : HHH90000025: MySQLDialect does not need to be specified explicitly using 'hibernate.dialect' (remove the property setting and it will be selected by default)
2025-01-08T05:02:42.346+07:00  INFO 27872 --- [NGUYENVIETBUU] [main] o.h.e.t.j.p.i.JtaPlatformInitiator       : HHH000489: No JTA platform available (set 'hibernate.transaction.jta.platform' to enable JTA platform integration)
2025-01-08T05:02:42.662+07:00  INFO 27872 --- [NGUYENVIETBUU] [main] j.LocalContainerEntityManagerFactoryBean : Initialized JPA EntityManagerFactory for persistence unit 'default'
2025-01-08T05:02:43.413+07:00  INFO 27872 --- [NGUYENVIETBUU] [main] o.s.d.j.r.query.QueryEnhancerFactory     : Hibernate is in classpath; If applicable, HQL parser will be used.
2025-01-08T05:02:45.081+07:00  WARN 27872 --- [NGUYENVIETBUU] [main] JpaBaseConfiguration$JpaWebConfiguration : spring.jpa.open-in-view is enabled by default. Therefore, database queries may be performed during view rendering. Explicitly configure spring.jpa.open-in-view to disable this warning
2025-01-08T05:02:45.390+07:00  WARN 27872 --- [NGUYENVIETBUU] [main] s.w.s.m.m.a.RequestMappingHandlerMapping : Multiple @RequestMapping annotations found on public com.dut.doctorcare.dto.response.ApiResponse com.dut.doctorcare.controller.DoctorController.saveOrUpdate(com.dut.doctorcare.dto.request.DoctorRequest), but only the first will be used: [@org.springframework.web.bind.annotation.RequestMapping(consumes={}, headers={}, method={}, name="", params={}, path={"/profile"}, produces={}, value={"/profile"}), @org.springframework.web.bind.annotation.PostMapping(consumes={}, headers={}, name="", params={}, path={}, produces={}, value={})]
2025-01-08T05:02:45.414+07:00  WARN 27872 --- [NGUYENVIETBUU] [main] s.w.s.m.m.a.RequestMappingHandlerMapping : Multiple @RequestMapping annotations found on public com.dut.doctorcare.dto.response.ApiResponse com.dut.doctorcare.controller.UserController.registerPatient(com.dut.doctorcare.dto.request.UserRegistrationDto), but only the first will be used: [@org.springframework.web.bind.annotation.RequestMapping(consumes={}, headers={}, method={}, name="", params={}, path={"/register"}, produces={}, value={"/register"}), @org.springframework.web.bind.annotation.PostMapping(consumes={}, headers={}, name="", params={}, path={}, produces={}, value={})]
2025-01-08T05:02:45.417+07:00  WARN 27872 --- [NGUYENVIETBUU] [main] s.w.s.m.m.a.RequestMappingHandlerMapping : Multiple @RequestMapping annotations found on public com.dut.doctorcare.dto.response.ApiResponse com.dut.doctorcare.controller.UserController.registerDoctor(com.dut.doctorcare.dto.request.CreateDoctorRequest), but only the first will be used: [@org.springframework.web.bind.annotation.RequestMapping(consumes={}, headers={}, method={}, name="", params={}, path={"/register/doctor"}, produces={}, value={"/register/doctor"}), @org.springframework.web.bind.annotation.PostMapping(consumes={}, headers={}, name="", params={}, path={}, produces={}, value={})]
2025-01-08T05:02:45.972+07:00  INFO 27872 --- [NGUYENVIETBUU] [main] o.s.b.a.e.web.EndpointLinksResolver      : Exposing 1 endpoint beneath base path '/actuator'
2025-01-08T05:02:47.522+07:00  INFO 27872 --- [NGUYENVIETBUU] [main] c.d.d.DoctorCareApplicationTests         : Started DoctorCareApplicationTests in 13.734 seconds (process running for 15.384)
2025-01-08T05:02:48.656+07:00  INFO 27872 --- [NGUYENVIETBUU] [SpringApplicationShutdownHook] j.LocalContainerEntityManagerFactoryBean : Closing JPA EntityManagerFactory for persistence unit 'default'
2025-01-08T05:02:48.661+07:00  INFO 27872 --- [NGUYENVIETBUU] [SpringApplicationShutdownHook] com.zaxxer.hikari.HikariDataSource       : HikariPool-1 - Shutdown initiated...
2025-01-08T05:02:48.677+07:00  INFO 27872 --- [NGUYENVIETBUU] [SpringApplicationShutdownHook] com.zaxxer.hikari.HikariDataSource       : HikariPool-1 - Shutdown completed.
